<?xml version="1.0" encoding="UTF-8"?>
<!-- Generated by org.testng.reporters.JUnitReportReporter -->
<testsuite hostname="DESKTOP-A7L5GQS" failures="0" tests="6" name="com.excelFactory.ReturnExcel" time="0.024" errors="0" timestamp="2020-04-09T23:28:22 EDT" skipped="0">
  <testcase classname="com.excelFactory.ReturnExcel" name="testMethod" time="0.005"/>
  <testcase classname="com.excelFactory.ReturnExcel" name="testMethod" time="0.002"/>
  <testcase classname="com.excelFactory.ReturnExcel" name="testMethod" time="0.001"/>
  <testcase classname="com.excelFactory.ReturnExcel" name="testMethod" time="0.002"/>
  <testcase classname="com.excelFactory.ReturnExcel" name="testMethod" time="0.002"/>
  <testcase classname="com.excelFactory.ReturnExcel" name="testMethod" time="0.012"/>
</testsuite> <!-- com.excelFactory.ReturnExcel -->
