<?xml version="1.0" encoding="UTF-8"?>
<!-- Generated by org.testng.reporters.JUnitReportReporter -->
<testsuite hostname="DESKTOP-A7L5GQS" failures="0" tests="1" name="com.sanity.CheckSanity" time="69.853" errors="0" timestamp="2020-04-07T20:11:54 EDT" skipped="0">
  <testcase classname="com.sanity.CheckSanity" name="smoke" time="69.853"/>
</testsuite> <!-- com.sanity.CheckSanity -->
