<?xml version="1.0" encoding="UTF-8"?>
<!-- Generated by org.testng.reporters.JUnitReportReporter -->
<testsuite hostname="DESKTOP-A7L5GQS" failures="0" tests="1" name="com.smoke.CheckApplicationStatus" time="64.949" errors="0" timestamp="2020-04-07T20:02:16 EDT" skipped="0">
  <testcase classname="com.smoke.CheckApplicationStatus" name="smoke" time="64.949"/>
</testsuite> <!-- com.smoke.CheckApplicationStatus -->
