<?xml version="1.0" encoding="UTF-8"?>
<!-- Generated by org.testng.reporters.JUnitReportReporter -->
<testsuite hostname="DESKTOP-A7L5GQS" failures="0" tests="1" name="com.smoke.CheckApplication" time="14.583" errors="0" timestamp="2020-04-05T22:24:07 EDT" skipped="0">
  <testcase classname="com.smoke.CheckApplication" name="smoke" time="14.583"/>
</testsuite> <!-- com.smoke.CheckApplication -->
